2023-05-09 17:34:12.748  INFO 17800 --- [main] o.s.b.w.embedded.tomcat.TomcatWebServer  : Tomcat started on port(s): 8080 (http) with context path ''
2023-05-09 17:34:12.758  INFO 17800 --- [main] com.ablaze.Springboot11LogApplication    : Started Springboot11LogApplication in 1.22 seconds (JVM running for 2.071)
2023-05-09 17:34:14.912  INFO 17800 --- [http-nio-8080-exec-1] o.a.c.c.C.[Tomcat].[localhost].[/]       : Initializing Spring DispatcherServlet 'dispatcherServlet'
2023-05-09 17:34:14.912  INFO 17800 --- [http-nio-8080-exec-1] o.s.web.servlet.DispatcherServlet        : Initializing Servlet 'dispatcherServlet'
2023-05-09 17:34:14.912  INFO 17800 --- [http-nio-8080-exec-1] o.s.web.servlet.DispatcherServlet        : Completed initialization in 0 ms
2023-05-09 17:34:14.927  WARN 17800 --- [http-nio-8080-exec-1] com.ablaze.controller.BookController     : warn...
2023-05-09 17:34:14.927 ERROR 17800 --- [http-nio-8080-exec-1] com.ablaze.controller.BookController     : error...
2023-05-09 17:34:15.072  WARN 17800 --- [http-nio-8080-exec-2] com.ablaze.controller.BookController     : warn...
2023-05-09 17:34:15.072 ERROR 17800 --- [http-nio-8080-exec-2] com.ablaze.controller.BookController     : error...
2023-05-09 17:34:15.263  WARN 17800 --- [http-nio-8080-exec-3] com.ablaze.controller.BookController     : warn...
2023-05-09 17:34:15.263 ERROR 17800 --- [http-nio-8080-exec-3] com.ablaze.controller.BookController     : error...
2023-05-09 17:34:15.414  WARN 17800 --- [http-nio-8080-exec-4] com.ablaze.controller.BookController     : warn...
2023-05-09 17:34:15.414 ERROR 17800 --- [http-nio-8080-exec-4] com.ablaze.controller.BookController     : error...
2023-05-09 17:34:15.594  WARN 17800 --- [http-nio-8080-exec-5] com.ablaze.controller.BookController     : warn...
2023-05-09 17:34:15.594 ERROR 17800 --- [http-nio-8080-exec-5] com.ablaze.controller.BookController     : error...
2023-05-09 17:34:15.772  WARN 17800 --- [http-nio-8080-exec-6] com.ablaze.controller.BookController     : warn...
2023-05-09 17:34:15.772 ERROR 17800 --- [http-nio-8080-exec-6] com.ablaze.controller.BookController     : error...
2023-05-09 17:34:15.949  WARN 17800 --- [http-nio-8080-exec-7] com.ablaze.controller.BookController     : warn...
2023-05-09 17:34:15.949 ERROR 17800 --- [http-nio-8080-exec-7] com.ablaze.controller.BookController     : error...
2023-05-09 17:34:16.089  WARN 17800 --- [http-nio-8080-exec-8] com.ablaze.controller.BookController     : warn...
2023-05-09 17:34:16.089 ERROR 17800 --- [http-nio-8080-exec-8] com.ablaze.controller.BookController     : error...
2023-05-09 17:35:37.189  WARN 17800 --- [http-nio-8080-exec-1] com.ablaze.controller.BookController     : warn...
2023-05-09 17:35:37.189 ERROR 17800 --- [http-nio-8080-exec-1] com.ablaze.controller.BookController     : error...
2023-05-09 17:35:37.360  WARN 17800 --- [http-nio-8080-exec-2] com.ablaze.controller.BookController     : warn...
2023-05-09 17:35:37.360 ERROR 17800 --- [http-nio-8080-exec-2] com.ablaze.controller.BookController     : error...
2023-05-09 17:35:37.519  WARN 17800 --- [http-nio-8080-exec-3] com.ablaze.controller.BookController     : warn...
2023-05-09 17:35:37.519 ERROR 17800 --- [http-nio-8080-exec-3] com.ablaze.controller.BookController     : error...
2023-05-09 17:35:37.660  WARN 17800 --- [http-nio-8080-exec-4] com.ablaze.controller.BookController     : warn...
2023-05-09 17:35:37.660 ERROR 17800 --- [http-nio-8080-exec-4] com.ablaze.controller.BookController     : error...
2023-05-09 17:35:37.834  WARN 17800 --- [http-nio-8080-exec-5] com.ablaze.controller.BookController     : warn...
2023-05-09 17:35:37.834 ERROR 17800 --- [http-nio-8080-exec-5] com.ablaze.controller.BookController     : error...
2023-05-09 17:35:43.670  WARN 17800 --- [http-nio-8080-exec-6] com.ablaze.controller.BookController     : warn...
2023-05-09 17:35:43.671 ERROR 17800 --- [http-nio-8080-exec-6] com.ablaze.controller.BookController     : error...
2023-05-09 17:35:43.825  WARN 17800 --- [http-nio-8080-exec-7] com.ablaze.controller.BookController     : warn...
