2023-05-09 17:31:21.420  INFO 28808 --- [main] com.ablaze.Springboot11LogApplication    : Starting Springboot11LogApplication using Java 1.8.0_301 on HUOCHI with PID 28808 (G:\SSM\SpringBoot\WorkSpace\springboot2\springboot_11_log\target\classes started by Lenovo in G:\SSM\SpringBoot\WorkSpace\springboot2\springboot_01_01_quickstart)
2023-05-09 17:31:21.422  INFO 28808 --- [main] com.ablaze.Springboot11LogApplication    : No active profile set, falling back to 1 default profile: "default"
2023-05-09 17:31:21.921  INFO 28808 --- [main] o.s.b.w.embedded.tomcat.TomcatWebServer  : Tomcat initialized with port(s): 8080 (http)
2023-05-09 17:31:21.922  INFO 28808 --- [main] o.a.catalina.core.AprLifecycleListener   : Loaded Apache Tomcat Native library [1.2.30] using APR version [1.7.0].
2023-05-09 17:31:21.922  INFO 28808 --- [main] o.a.catalina.core.AprLifecycleListener   : APR capabilities: IPv6 [true], sendfile [true], accept filters [false], random [true], UDS [true].
2023-05-09 17:31:21.922  INFO 28808 --- [main] o.a.catalina.core.AprLifecycleListener   : APR/OpenSSL configuration: useAprConnector [false], useOpenSSL [true]
2023-05-09 17:31:21.925  INFO 28808 --- [main] o.a.catalina.core.AprLifecycleListener   : OpenSSL successfully initialized [OpenSSL 1.1.1k  25 Mar 2021]
2023-05-09 17:31:21.930  INFO 28808 --- [main] o.apache.catalina.core.StandardService   : Starting service [Tomcat]
2023-05-09 17:31:21.931  INFO 28808 --- [main] org.apache.catalina.core.StandardEngine  : Starting Servlet engine: [Apache Tomcat/9.0.74]
2023-05-09 17:31:22.021  INFO 28808 --- [main] o.a.c.c.C.[Tomcat].[localhost].[/]       : Initializing Spring embedded WebApplicationContext
2023-05-09 17:31:22.022  INFO 28808 --- [main] w.s.c.ServletWebServerApplicationContext : Root WebApplicationContext: initialization completed in 572 ms
2023-05-09 17:31:22.212  INFO 28808 --- [main] o.s.b.w.embedded.tomcat.TomcatWebServer  : Tomcat started on port(s): 8080 (http) with context path ''
2023-05-09 17:31:22.219  INFO 28808 --- [main] com.ablaze.Springboot11LogApplication    : Started Springboot11LogApplication in 1.098 seconds (JVM running for 1.902)
2023-05-09 17:31:32.199  INFO 28808 --- [http-nio-8080-exec-1] o.a.c.c.C.[Tomcat].[localhost].[/]       : Initializing Spring DispatcherServlet 'dispatcherServlet'
2023-05-09 17:31:32.199  INFO 28808 --- [http-nio-8080-exec-1] o.s.web.servlet.DispatcherServlet        : Initializing Servlet 'dispatcherServlet'
2023-05-09 17:31:32.201  INFO 28808 --- [http-nio-8080-exec-1] o.s.web.servlet.DispatcherServlet        : Completed initialization in 1 ms
2023-05-09 17:31:32.234  WARN 28808 --- [http-nio-8080-exec-1] com.ablaze.controller.BookController     : warn...
2023-05-09 17:31:32.234 ERROR 28808 --- [http-nio-8080-exec-1] com.ablaze.controller.BookController     : error...
2023-05-09 17:31:32.537  WARN 28808 --- [http-nio-8080-exec-3] com.ablaze.controller.BookController     : warn...
2023-05-09 17:31:32.537 ERROR 28808 --- [http-nio-8080-exec-3] com.ablaze.controller.BookController     : error...
2023-05-09 17:31:32.705  WARN 28808 --- [http-nio-8080-exec-2] com.ablaze.controller.BookController     : warn...
2023-05-09 17:31:32.706 ERROR 28808 --- [http-nio-8080-exec-2] com.ablaze.controller.BookController     : error...
2023-05-09 17:31:32.877  WARN 28808 --- [http-nio-8080-exec-4] com.ablaze.controller.BookController     : warn...
2023-05-09 17:31:32.878 ERROR 28808 --- [http-nio-8080-exec-4] com.ablaze.controller.BookController     : error...
2023-05-09 17:31:33.186  WARN 28808 --- [http-nio-8080-exec-7] com.ablaze.controller.BookController     : warn...
2023-05-09 17:31:33.186 ERROR 28808 --- [http-nio-8080-exec-7] com.ablaze.controller.BookController     : error...
2023-05-09 17:34:11.893  INFO 17800 --- [main] com.ablaze.Springboot11LogApplication    : Starting Springboot11LogApplication using Java 1.8.0_301 on HUOCHI with PID 17800 (G:\SSM\SpringBoot\WorkSpace\springboot2\springboot_11_log\target\classes started by Lenovo in G:\SSM\SpringBoot\WorkSpace\springboot2\springboot_01_01_quickstart)
2023-05-09 17:34:11.896  INFO 17800 --- [main] com.ablaze.Springboot11LogApplication    : No active profile set, falling back to 1 default profile: "default"
2023-05-09 17:34:12.435  INFO 17800 --- [main] o.s.b.w.embedded.tomcat.TomcatWebServer  : Tomcat initialized with port(s): 8080 (http)
2023-05-09 17:34:12.435  INFO 17800 --- [main] o.a.catalina.core.AprLifecycleListener   : Loaded Apache Tomcat Native library [1.2.30] using APR version [1.7.0].
2023-05-09 17:34:12.435  INFO 17800 --- [main] o.a.catalina.core.AprLifecycleListener   : APR capabilities: IPv6 [true], sendfile [true], accept filters [false], random [true], UDS [true].
2023-05-09 17:34:12.436  INFO 17800 --- [main] o.a.catalina.core.AprLifecycleListener   : APR/OpenSSL configuration: useAprConnector [false], useOpenSSL [true]
2023-05-09 17:34:12.438  INFO 17800 --- [main] o.a.catalina.core.AprLifecycleListener   : OpenSSL successfully initialized [OpenSSL 1.1.1k  25 Mar 2021]
2023-05-09 17:34:12.443  INFO 17800 --- [main] o.apache.catalina.core.StandardService   : Starting service [Tomcat]
2023-05-09 17:34:12.443  INFO 17800 --- [main] org.apache.catalina.core.StandardEngine  : Starting Servlet engine: [Apache Tomcat/9.0.74]
2023-05-09 17:34:12.532  INFO 17800 --- [main] o.a.c.c.C.[Tomcat].[localhost].[/]       : Initializing Spring embedded WebApplicationContext
2023-05-09 17:34:12.532  INFO 17800 --- [main] w.s.c.ServletWebServerApplicationContext : Root WebApplicationContext: initialization completed in 605 ms
